{"level":"info","message":"Database connected"}
{"expiredAt":"2023-10-20T05:31:45.000Z","level":"error","message":"jwt expired","name":"TokenExpiredError"}
{"level":"info","message":"Database connected"}
{"level":"info","message":"Database connected"}
{"level":"info","message":"Database connected"}
{"level":"info","message":"Database connected"}
{"level":"info","message":"Database connected"}
{"level":"info","message":"Database connected"}
{"level":"info","message":"Database connected"}
{"level":"info","message":"Database connected"}
{"level":"info","message":"Database connected"}
{"level":"info","message":"Database connected"}
{"level":"info","message":"Database connected"}
{"level":"info","message":"Database connected"}
{"level":"info","message":"Database connected"}
{"level":"info","message":"Database connected"}
{"level":"info","message":"Database connected"}
{"level":"info","message":"Database connected"}
{"level":"info","message":"Database connected"}
{"level":"info","message":"Database connected"}
{"level":"info","message":"Database connected"}
{"level":"info","message":"Database connected"}
{"level":"info","message":"Database connected"}
{"level":"info","message":"Database connected"}
{"level":"info","message":"Database connected"}
{"level":"info","message":"Database connected"}
{"level":"info","message":"Database connected"}
{"level":"info","message":"Database connected"}
{"level":"info","message":"Database connected"}
{"level":"info","message":"Database connected"}
{"level":"info","message":"Database connected"}
{"level":"info","message":"Database connected"}
{"level":"info","message":"Database connected"}
{"level":"info","message":"Database connected"}
{"level":"info","message":"Database connected"}
{"level":"info","message":"Database connected"}
{"expiredAt":"2023-10-20T05:31:45.000Z","level":"error","message":"jwt expired","name":"TokenExpiredError"}
{"level":"info","message":"Database connected"}
{"expiredAt":"2023-10-20T05:31:45.000Z","level":"error","message":"jwt expired","name":"TokenExpiredError"}
{"level":"info","message":"Database connected"}
{"expiredAt":"2023-10-20T05:31:45.000Z","level":"error","message":"jwt expired","name":"TokenExpiredError"}
{"level":"info","message":"Database connected"}
{"expiredAt":"2023-10-20T05:31:45.000Z","level":"error","message":"jwt expired","name":"TokenExpiredError"}
{"level":"info","message":"Database connected"}
{"level":"info","message":"Database connected"}
{"level":"error","message":"invalid signature","name":"JsonWebTokenError"}
{"level":"error","message":"invalid signature","name":"JsonWebTokenError"}
{"level":"info","message":"Database connected"}
{"level":"error","message":"invalid signature","name":"JsonWebTokenError"}
{"level":"error","message":"invalid signature","name":"JsonWebTokenError"}
{"level":"info","message":"Database connected"}
{"level":"error","message":"invalid signature","name":"JsonWebTokenError"}
{"level":"error","message":"invalid signature","name":"JsonWebTokenError"}
{"level":"error","message":"invalid signature","name":"JsonWebTokenError"}
{"level":"error","message":"invalid signature","name":"JsonWebTokenError"}
{"level":"error","message":"invalid signature","name":"JsonWebTokenError"}
{"level":"error","message":"invalid signature","name":"JsonWebTokenError"}
{"level":"error","message":"invalid signature","name":"JsonWebTokenError"}
{"level":"error","message":"invalid signature","name":"JsonWebTokenError"}
{"level":"error","message":"invalid signature","name":"JsonWebTokenError"}
{"level":"error","message":"invalid signature","name":"JsonWebTokenError"}
{"level":"error","message":"invalid signature","name":"JsonWebTokenError"}
{"level":"error","message":"invalid signature","name":"JsonWebTokenError"}
{"level":"error","message":"invalid signature","name":"JsonWebTokenError"}
{"level":"error","message":"invalid signature","name":"JsonWebTokenError"}
{"level":"error","message":"invalid signature","name":"JsonWebTokenError"}
{"level":"error","message":"invalid signature","name":"JsonWebTokenError"}
{"level":"error","message":"invalid signature","name":"JsonWebTokenError"}
{"level":"error","message":"invalid signature","name":"JsonWebTokenError"}
{"level":"error","message":"invalid signature","name":"JsonWebTokenError"}
{"level":"error","message":"invalid signature","name":"JsonWebTokenError"}
{"level":"error","message":"invalid signature","name":"JsonWebTokenError"}
{"level":"error","message":"invalid signature","name":"JsonWebTokenError"}
{"level":"error","message":"invalid signature","name":"JsonWebTokenError"}
{"level":"error","message":"invalid signature","name":"JsonWebTokenError"}
{"level":"info","message":"Database connected"}
{"level":"error","message":"invalid signature","name":"JsonWebTokenError"}
{"level":"info","message":"Database connected"}
{"level":"info","message":"Database connected"}
{"level":"error","message":"invalid signature","name":"JsonWebTokenError"}
{"level":"info","message":"Database connected"}
{"level":"error","message":"invalid signature","name":"JsonWebTokenError"}
{"level":"error","message":"invalid signature","name":"JsonWebTokenError"}
{"level":"error","message":"invalid signature","name":"JsonWebTokenError"}
{"level":"error","message":"invalid signature","name":"JsonWebTokenError"}
{"level":"error","message":"invalid signature","name":"JsonWebTokenError"}
{"level":"info","message":"Database connected"}
{"level":"info","message":"Database connected"}
{"level":"info","message":"Database connected"}
{"level":"info","message":"Database connected"}
{"level":"info","message":"Database connected"}
{"level":"info","message":"Database connected"}
{"level":"info","message":"Database connected"}
{"level":"info","message":"Database connected"}
{"level":"info","message":"Database connected"}
{"level":"info","message":"Database connected"}
{"level":"info","message":"Database connected"}
{"level":"info","message":"Database connected"}
{"level":"info","message":"Database connected"}
{"level":"info","message":"Database connected"}
{"level":"info","message":"Database connected"}
{"level":"info","message":"Database connected"}
{"level":"info","message":"Database connected"}
{"level":"info","message":"Database connected"}
{"level":"info","message":"Database connected"}
{"level":"info","message":"Database connected"}
{"level":"info","message":"Database connected"}
{"level":"info","message":"Database connected"}
{"level":"info","message":"Database connected"}
{"level":"info","message":"Database connected"}
{"level":"info","message":"Database connected"}
{"level":"info","message":"Database connected"}
{"level":"info","message":"Database connected"}
{"level":"info","message":"Database connected"}
{"level":"info","message":"Database connected"}
{"level":"info","message":"Database connected"}
{"level":"error","message":"ER_PARSE_ERROR: You have an error in your SQL syntax; check the manual that corresponds to your MariaDB server version for the right syntax to use near '?, ?)' at line 1"}
{"level":"info","message":"Database connected"}
{"level":"error","message":"ER_EMPTY_QUERY: Query was empty"}
{"level":"info","message":"Database connected"}
{"level":"error","message":"ER_EMPTY_QUERY: Query was empty"}
{"level":"info","message":"Database connected"}
{"level":"error","message":"ER_WRONG_VALUE_COUNT_ON_ROW: Column count doesn't match value count at row 1"}
{"level":"info","message":"Database connected"}
{"level":"error","message":"ER_WRONG_VALUE_COUNT_ON_ROW: Column count doesn't match value count at row 1"}
{"level":"info","message":"Database connected"}
{"level":"error","message":"ER_WRONG_VALUE_COUNT_ON_ROW: Column count doesn't match value count at row 1"}
{"level":"info","message":"Database connected"}
{"level":"error","message":"ER_WRONG_VALUE_COUNT_ON_ROW: Column count doesn't match value count at row 1"}
{"level":"info","message":"Database connected"}
{"level":"error","message":"ER_WRONG_VALUE_COUNT_ON_ROW: Column count doesn't match value count at row 1"}
{"level":"error","message":"ER_WRONG_VALUE_COUNT_ON_ROW: Column count doesn't match value count at row 1"}
{"level":"info","message":"Database connected"}
{"level":"error","message":"ER_WRONG_VALUE_COUNT_ON_ROW: Column count doesn't match value count at row 1"}
{"level":"info","message":"Database connected"}
{"level":"error","message":"ER_BAD_FIELD_ERROR: Unknown column 'NaN' in 'field list'"}
{"level":"info","message":"Database connected"}
{"level":"error","message":"ER_WRONG_VALUE_COUNT_ON_ROW: Column count doesn't match value count at row 1"}
{"level":"info","message":"Database connected"}
{"level":"error","message":"ER_PARSE_ERROR: You have an error in your SQL syntax; check the manual that corresponds to your MariaDB server version for the right syntax to use near '?,?)' at line 1"}
{"level":"info","message":"Database connected"}
{"level":"info","message":"Database connected"}
{"level":"info","message":"Database connected"}
{"level":"info","message":"Database connected"}
{"level":"info","message":"Database connected"}
{"level":"info","message":"Database connected"}
{"level":"info","message":"Database connected"}
{"level":"info","message":"Database connected"}
{"level":"info","message":"Database connected"}
{"level":"info","message":"Database connected"}
{"level":"info","message":"Database connected"}
{"level":"error","message":"ER_BAD_FIELD_ERROR: Unknown column '4' in 'where clause'"}
{"level":"info","message":"Database connected"}
{"level":"info","message":"Database connected"}
{"level":"error","message":"ER_BAD_FIELD_ERROR: Unknown column '8' in 'where clause'"}
{"level":"info","message":"Database connected"}
{"level":"info","message":"Database connected"}
{"level":"info","message":"Database connected"}
{"level":"info","message":"Database connected"}
{"level":"info","message":"Database connected"}
{"level":"info","message":"Database connected"}
{"level":"info","message":"Database connected"}
{"level":"info","message":"Database connected"}
{"level":"info","message":"Database connected"}
{"level":"info","message":"Database connected"}
{"level":"info","message":"Database connected"}
{"level":"info","message":"Database connected"}
{"level":"info","message":"Database connected"}
{"level":"info","message":"Database connected"}
{"level":"info","message":"Database connected"}
{"level":"info","message":"Database connected"}
{"level":"info","message":"Database connected"}
{"level":"error","message":"ER_PARSE_ERROR: You have an error in your SQL syntax; check the manual that corresponds to your MariaDB server version for the right syntax to use near '?' at line 1"}
